Fold 0
Model 0 best validation rmse = 30.568248 on epoch 69
Model 0 test rmse = 31.929663
Model 0 test r2 = 0.807120
Ensemble test rmse = 31.929663
Ensemble test r2 = 0.807120
Fold 1
Model 0 best validation rmse = 36.040050 on epoch 36
Model 0 test rmse = 31.351258
Model 0 test r2 = 0.857427
Ensemble test rmse = 31.351258
Ensemble test r2 = 0.857427
Fold 2
Model 0 best validation rmse = 38.449008 on epoch 8
Model 0 test rmse = 39.533749
Model 0 test r2 = 0.622868
Ensemble test rmse = 39.533749
Ensemble test r2 = 0.622868
Fold 3
Model 0 best validation rmse = 42.194897 on epoch 68
Model 0 test rmse = 30.640004
Model 0 test r2 = 0.693212
Ensemble test rmse = 30.640004
Ensemble test r2 = 0.693212
Fold 4
Model 0 best validation rmse = 30.846371 on epoch 32
Model 0 test rmse = 22.837288
Model 0 test r2 = 0.877487
Ensemble test rmse = 22.837288
Ensemble test r2 = 0.877487
5-fold cross validation
	Seed 0 ==> test rmse = 31.929663
	Seed 0 ==> test r2 = 0.807120
	Seed 1 ==> test rmse = 31.351258
	Seed 1 ==> test r2 = 0.857427
	Seed 2 ==> test rmse = 39.533749
	Seed 2 ==> test r2 = 0.622868
	Seed 3 ==> test rmse = 30.640004
	Seed 3 ==> test r2 = 0.693212
	Seed 4 ==> test rmse = 22.837288
	Seed 4 ==> test r2 = 0.877487
Overall test rmse = 31.258393 +/- 5.296001
Overall test r2 = 0.771623 +/- 0.098088
Elapsed time = 0:00:55
Fold 0
Model 0 best validation rmse = 24.120670 on epoch 62
Model 0 test rmse = 41.710350
Model 0 test r2 = 0.670855
Ensemble test rmse = 41.710350
Ensemble test r2 = 0.670855
Fold 1
Model 0 best validation rmse = 28.310531 on epoch 54
Model 0 test rmse = 25.019933
Model 0 test r2 = 0.909197
Ensemble test rmse = 25.019933
Ensemble test r2 = 0.909197
Fold 2
Model 0 best validation rmse = 32.722237 on epoch 4
Model 0 test rmse = 39.143722
Model 0 test r2 = 0.630272
Ensemble test rmse = 39.143722
Ensemble test r2 = 0.630272
Fold 3
Model 0 best validation rmse = 37.642757 on epoch 68
Model 0 test rmse = 26.583182
Model 0 test r2 = 0.769073
Ensemble test rmse = 26.583182
Ensemble test r2 = 0.769073
Fold 4
Model 0 best validation rmse = 30.575806 on epoch 62
Model 0 test rmse = 19.438323
Model 0 test r2 = 0.911242
Ensemble test rmse = 19.438323
Ensemble test r2 = 0.911242
5-fold cross validation
	Seed 0 ==> test rmse = 41.710350
	Seed 0 ==> test r2 = 0.670855
	Seed 1 ==> test rmse = 25.019933
	Seed 1 ==> test r2 = 0.909197
	Seed 2 ==> test rmse = 39.143722
	Seed 2 ==> test r2 = 0.630272
	Seed 3 ==> test rmse = 26.583182
	Seed 3 ==> test r2 = 0.769073
	Seed 4 ==> test rmse = 19.438323
	Seed 4 ==> test r2 = 0.911242
Overall test rmse = 30.379102 +/- 8.579582
Overall test r2 = 0.778128 +/- 0.116918
Elapsed time = 0:01:33
